Request made @ Mon May 01 2017 17:38:11 GMT+0530 (India Standard Time) : GET: /bad
Request made @ Mon May 01 2017 17:38:30 GMT+0530 (India Standard Time) : GET: /bad
Request made @ Mon May 01 2017 17:40:25 GMT+0530 (India Standard Time) : GET: /bad
Request made @ Mon May 01 2017 23:24:52 GMT+0530 (India Standard Time) : GET: /example
Request made @ Mon May 01 2017 23:25:02 GMT+0530 (India Standard Time) : GET: /example/about
Request made @ Mon May 01 2017 23:25:08 GMT+0530 (India Standard Time) : GET: /example/abo
Request made @ Mon May 01 2017 23:37:03 GMT+0530 (India Standard Time) : GET: /example/about
Request made @ Thu May 04 2017 15:23:10 GMT+0530 (India Standard Time) : GET: /example/about
Request made @ Thu May 04 2017 15:23:10 GMT+0530 (India Standard Time) : GET: /favicon.ico
Request made @ Thu May 04 2017 15:23:21 GMT+0530 (India Standard Time) : GET: /example/
Request made @ Thu May 04 2017 15:27:43 GMT+0530 (India Standard Time) : GET: /example/
Request made @ Thu May 04 2017 15:28:15 GMT+0530 (India Standard Time) : GET: /example/
Request made @ Thu May 04 2017 15:29:51 GMT+0530 (India Standard Time) : GET: /example/
Request made @ Thu May 04 2017 15:30:19 GMT+0530 (India Standard Time) : GET: /example/
Request made @ Thu May 04 2017 15:33:00 GMT+0530 (India Standard Time) : GET: /example/
Request made @ Thu May 04 2017 15:33:26 GMT+0530 (India Standard Time) : GET: /example/
Request made @ Thu May 04 2017 15:34:05 GMT+0530 (India Standard Time) : GET: /example/
Request made @ Thu May 04 2017 15:34:59 GMT+0530 (India Standard Time) : GET: /example/
Request made @ Thu May 04 2017 15:36:48 GMT+0530 (India Standard Time) : GET: /example/
Request made @ Thu May 04 2017 15:48:59 GMT+0530 (India Standard Time) : GET: /example/
Request made @ Thu May 04 2017 16:54:45 GMT+0530 (India Standard Time) : GET: /example/
Request made @ Thu May 04 2017 16:54:45 GMT+0530 (India Standard Time) : GET: /favicon.ico
Request made @ Thu May 04 2017 16:54:46 GMT+0530 (India Standard Time) : GET: /example/
Request made @ Thu May 04 2017 16:56:05 GMT+0530 (India Standard Time) : GET: /example/
Request made @ Thu May 04 2017 16:57:59 GMT+0530 (India Standard Time) : GET: /example/
Request made @ Thu May 04 2017 17:42:59 GMT+0530 (India Standard Time) : GET: /example/
Request made @ Thu May 04 2017 17:44:55 GMT+0530 (India Standard Time) : GET: /example/
Request made @ Thu May 04 2017 17:45:57 GMT+0530 (India Standard Time) : GET: /example/
Request made @ Thu May 04 2017 17:52:37 GMT+0530 (India Standard Time) : GET: /example/
Request made @ Thu May 04 2017 17:57:30 GMT+0530 (India Standard Time) : GET: /example/
Request made @ Thu May 04 2017 17:58:00 GMT+0530 (India Standard Time) : GET: /example/
Request made @ Thu May 04 2017 18:13:04 GMT+0530 (India Standard Time) : GET: /example/
Request made @ Thu May 04 2017 18:37:11 GMT+0530 (India Standard Time) : GET: /example/
Request made @ Thu May 04 2017 18:37:55 GMT+0530 (India Standard Time) : GET: /example/
Request made @ Thu May 04 2017 18:39:47 GMT+0530 (India Standard Time) : GET: /example/
Request made @ Thu May 04 2017 18:40:37 GMT+0530 (India Standard Time) : GET: /example/
Request made @ Thu May 04 2017 18:40:45 GMT+0530 (India Standard Time) : GET: /example/
Request made @ Thu May 04 2017 18:42:45 GMT+0530 (India Standard Time) : GET: /example/
Request made @ Thu May 04 2017 18:43:05 GMT+0530 (India Standard Time) : GET: /example/
Request made @ Thu May 04 2017 18:43:07 GMT+0530 (India Standard Time) : GET: /example/
Request made @ Thu May 04 2017 19:16:54 GMT+0530 (India Standard Time) : GET: /example/
Request made @ Thu May 04 2017 19:18:54 GMT+0530 (India Standard Time) : GET: /example/
Request made @ Thu May 04 2017 19:24:15 GMT+0530 (India Standard Time) : GET: /example/
Request made @ Thu May 04 2017 19:24:16 GMT+0530 (India Standard Time) : GET: /example/
Request made @ Fri Jun 09 2017 17:31:26 GMT+0530 (India Standard Time) : GET: /
Request made @ Fri Jun 09 2017 17:31:26 GMT+0530 (India Standard Time) : GET: /favicon.ico
Request made @ Fri Jun 09 2017 17:31:31 GMT+0530 (India Standard Time) : GET: /example
Request made @ Fri Jun 09 2017 17:32:03 GMT+0530 (India Standard Time) : GET: /
Request made @ Fri Jun 09 2017 17:32:31 GMT+0530 (India Standard Time) : GET: /example
Request made @ Fri Jun 09 2017 17:33:59 GMT+0530 (India Standard Time) : GET: /example
Request made @ Wed Jun 20 2018 19:27:44 GMT+0530 (India Standard Time) : GET: /
Request made @ Wed Jun 20 2018 19:27:44 GMT+0530 (India Standard Time) : GET: /favicon.ico
Request made @ Wed Jun 20 2018 19:27:50 GMT+0530 (India Standard Time) : GET: /example
Request made @ Wed Jun 20 2018 19:27:58 GMT+0530 (India Standard Time) : GET: /about
Request made @ Wed Jun 20 2018 19:28:05 GMT+0530 (India Standard Time) : GET: /exampleabout
Request made @ Wed Jun 20 2018 19:28:12 GMT+0530 (India Standard Time) : GET: /example/about
